0 info it worked if it ends with ok
1 verbose cli [ '/usr/local/bin/node',
1 verbose cli   '/usr/local/bin/npm',
1 verbose cli   'install',
1 verbose cli   'redis' ]
2 info using npm@1.4.28
3 info using node@v0.10.33
4 verbose config Skipping project config: /Users/valera/.npmrc. (matches userconfig)
5 verbose cache add [ 'redis', null ]
6 verbose cache add name=undefined spec="redis" args=["redis",null]
7 verbose parsed url { protocol: null,
7 verbose parsed url   slashes: null,
7 verbose parsed url   auth: null,
7 verbose parsed url   host: null,
7 verbose parsed url   port: null,
7 verbose parsed url   hostname: null,
7 verbose parsed url   hash: null,
7 verbose parsed url   search: null,
7 verbose parsed url   query: null,
7 verbose parsed url   pathname: 'redis',
7 verbose parsed url   path: 'redis',
7 verbose parsed url   href: 'redis' }
8 silly lockFile b840fc02-redis redis
9 verbose lock redis /Users/valera/.npm/b840fc02-redis.lock
10 silly lockFile b840fc02-redis redis
11 silly lockFile b840fc02-redis redis
12 verbose addNamed [ 'redis', '' ]
13 verbose addNamed [ null, '*' ]
14 silly lockFile fb3bbc27-redis redis@
15 verbose lock redis@ /Users/valera/.npm/fb3bbc27-redis.lock
16 silly addNameRange { name: 'redis', range: '*', hasData: false }
17 verbose request where is /redis
18 verbose request registry https://registry.npmjs.org/
19 verbose request id dfb4f4237a003764
20 verbose url raw /redis
21 verbose url resolving [ 'https://registry.npmjs.org/', './redis' ]
22 verbose url resolved https://registry.npmjs.org/redis
23 verbose request where is https://registry.npmjs.org/redis
24 info trying registry request attempt 1 at 17:24:40
25 verbose etag "AM03ZBFWPX3LG1QSNVU7720UF"
26 http GET https://registry.npmjs.org/redis
27 http 304 https://registry.npmjs.org/redis
28 silly registry.get cb [ 304,
28 silly registry.get   { date: 'Sat, 31 Jan 2015 15:24:40 GMT',
28 silly registry.get     server: 'Apache',
28 silly registry.get     via: '1.1 varnish',
28 silly registry.get     'last-modified': 'Sat, 31 Jan 2015 15:24:40 GMT',
28 silly registry.get     'cache-control': 'max-age=60',
28 silly registry.get     etag: '"AM03ZBFWPX3LG1QSNVU7720UF"',
28 silly registry.get     age: '0',
28 silly registry.get     'x-served-by': 'cache-fra1244-FRA',
28 silly registry.get     'x-cache': 'HIT',
28 silly registry.get     'x-cache-hits': '1',
28 silly registry.get     'x-timer': 'S1422717880.408748,VS0,VE416',
28 silly registry.get     vary: 'Accept',
28 silly registry.get     'content-length': '0',
28 silly registry.get     'keep-alive': 'timeout=10, max=50',
28 silly registry.get     connection: 'Keep-Alive' } ]
29 verbose etag https://registry.npmjs.org/redis from cache
30 silly addNameRange number 2 { name: 'redis', range: '*', hasData: true }
31 silly addNameRange versions [ 'redis',
31 silly addNameRange   [ '0.0.1',
31 silly addNameRange     '0.0.2',
31 silly addNameRange     '0.0.3',
31 silly addNameRange     '0.0.4',
31 silly addNameRange     '0.0.7',
31 silly addNameRange     '0.0.8',
31 silly addNameRange     '0.1.0',
31 silly addNameRange     '0.1.1',
31 silly addNameRange     '0.1.2',
31 silly addNameRange     '0.2.0',
31 silly addNameRange     '0.2.1',
31 silly addNameRange     '0.2.2',
31 silly addNameRange     '0.2.3',
31 silly addNameRange     '0.2.4',
31 silly addNameRange     '0.2.6',
31 silly addNameRange     '0.3.0',
31 silly addNameRange     '0.3.1',
31 silly addNameRange     '0.3.2',
31 silly addNameRange     '0.3.3',
31 silly addNameRange     '0.3.4',
31 silly addNameRange     '0.3.5',
31 silly addNameRange     '0.3.6',
31 silly addNameRange     '0.3.7',
31 silly addNameRange     '0.3.9',
31 silly addNameRange     '0.4.0',
31 silly addNameRange     '0.4.1',
31 silly addNameRange     '0.4.2',
31 silly addNameRange     '0.5.0',
31 silly addNameRange     '0.5.1',
31 silly addNameRange     '0.5.2',
31 silly addNameRange     '0.5.3',
31 silly addNameRange     '0.5.4',
31 silly addNameRange     '0.5.5',
31 silly addNameRange     '0.5.6',
31 silly addNameRange     '0.5.7',
31 silly addNameRange     '0.5.8',
31 silly addNameRange     '0.5.9',
31 silly addNameRange     '0.5.10',
31 silly addNameRange     '0.5.11',
31 silly addNameRange     '0.6.0',
31 silly addNameRange     '0.6.1',
31 silly addNameRange     '0.6.2',
31 silly addNameRange     '0.6.3',
31 silly addNameRange     '0.6.4',
31 silly addNameRange     '0.6.5',
31 silly addNameRange     '0.6.6',
31 silly addNameRange     '0.6.7',
31 silly addNameRange     '0.7.0',
31 silly addNameRange     '0.7.1',
31 silly addNameRange     '0.7.2',
31 silly addNameRange     '0.7.3',
31 silly addNameRange     '0.8.0',
31 silly addNameRange     '0.8.1',
31 silly addNameRange     '0.8.2',
31 silly addNameRange     '0.8.3',
31 silly addNameRange     '0.8.4',
31 silly addNameRange     '0.8.5',
31 silly addNameRange     '0.8.6',
31 silly addNameRange     '0.9.0',
31 silly addNameRange     '0.9.1',
31 silly addNameRange     '0.9.2',
31 silly addNameRange     '0.10.0',
31 silly addNameRange     '0.10.1',
31 silly addNameRange     '0.10.2',
31 silly addNameRange     '0.10.3',
31 silly addNameRange     '0.11.0',
31 silly addNameRange     '0.12.0',
31 silly addNameRange     '0.12.1' ] ]
32 verbose addNamed [ 'redis', '0.12.1' ]
33 verbose addNamed [ '0.12.1', '0.12.1' ]
34 silly lockFile 5ec46899-redis-0-12-1 redis@0.12.1
35 verbose lock redis@0.12.1 /Users/valera/.npm/5ec46899-redis-0-12-1.lock
36 silly lockFile 5db8178b-npmjs-org-redis-redis-0-12-1-tgz https://registry.npmjs.org/redis/-/redis-0.12.1.tgz
37 verbose lock https://registry.npmjs.org/redis/-/redis-0.12.1.tgz /Users/valera/.npm/5db8178b-npmjs-org-redis-redis-0-12-1-tgz.lock
38 verbose addRemoteTarball [ 'https://registry.npmjs.org/redis/-/redis-0.12.1.tgz',
38 verbose addRemoteTarball   '64df76ad0fc8acebaebd2a0645e8a48fac49185e' ]
39 info retry fetch attempt 1 at 17:24:40
40 verbose fetch to= /var/folders/_t/y3x1c_x93w9__gkrpkc8_55c0000gn/T/npm-2211-8jfzymYW/registry.npmjs.org/redis/-/redis-0.12.1.tgz
41 http GET https://registry.npmjs.org/redis/-/redis-0.12.1.tgz
42 http 200 https://registry.npmjs.org/redis/-/redis-0.12.1.tgz
43 silly lockFile 5db8178b-npmjs-org-redis-redis-0-12-1-tgz https://registry.npmjs.org/redis/-/redis-0.12.1.tgz
44 silly lockFile 5db8178b-npmjs-org-redis-redis-0-12-1-tgz https://registry.npmjs.org/redis/-/redis-0.12.1.tgz
45 silly lockFile 5ec46899-redis-0-12-1 redis@0.12.1
46 silly lockFile 5ec46899-redis-0-12-1 redis@0.12.1
47 silly lockFile fb3bbc27-redis redis@
48 silly lockFile fb3bbc27-redis redis@
49 error Error: EACCES, mkdir '/Users/valera/.npm/redis/0.12.1'
49 error  { [Error: EACCES, mkdir '/Users/valera/.npm/redis/0.12.1']
49 error   errno: 3,
49 error   code: 'EACCES',
49 error   path: '/Users/valera/.npm/redis/0.12.1' }
50 error Please try running this command again as root/Administrator.
51 error System Darwin 14.0.0
52 error command "/usr/local/bin/node" "/usr/local/bin/npm" "install" "redis"
53 error cwd /Users/valera/Work/MEAN
54 error node -v v0.10.33
55 error npm -v 1.4.28
56 error path /Users/valera/.npm/redis/0.12.1
57 error code EACCES
58 error errno 3
59 error stack Error: EACCES, mkdir '/Users/valera/.npm/redis/0.12.1'
60 verbose exit [ 3, true ]
